C:\USERS\MAX\DOCUMENTS\GITHUB\TTRACK\BUILD\DEBUG\BASECLASSIFIER.OBJ
C:\Users\max\Documents\GitHub\ttrack\build\Debug\cl.command.1.tlog
C:\Users\max\Documents\GitHub\ttrack\build\Debug\CL.read.1.tlog
C:\Users\max\Documents\GitHub\ttrack\build\Debug\CL.write.1.tlog
C:\USERS\MAX\DOCUMENTS\GITHUB\TTRACK\BUILD\DEBUG\DETECT.OBJ
C:\USERS\MAX\DOCUMENTS\GITHUB\TTRACK\BUILD\DEBUG\HANDLER.OBJ
C:\USERS\MAX\DOCUMENTS\GITHUB\TTRACK\BUILD\DEBUG\HELPERS.OBJ
C:\Users\max\Documents\GitHub\ttrack\build\Debug\link.command.1.tlog
C:\Users\max\Documents\GitHub\ttrack\build\Debug\link.read.1.tlog
C:\Users\max\Documents\GitHub\ttrack\build\Debug\link.write.1.tlog
C:\USERS\MAX\DOCUMENTS\GITHUB\TTRACK\BUILD\DEBUG\MAIN.OBJ
C:\USERS\MAX\DOCUMENTS\GITHUB\TTRACK\BUILD\DEBUG\ND_IMAGE.OBJ
C:\USERS\MAX\DOCUMENTS\GITHUB\TTRACK\BUILD\DEBUG\RANDOMFOREST.OBJ
C:\USERS\MAX\DOCUMENTS\GITHUB\TTRACK\BUILD\DEBUG\SUPPORTVECTORMACHINE.OBJ
C:\USERS\MAX\DOCUMENTS\GITHUB\TTRACK\BUILD\DEBUG\TRACKER.OBJ
C:\USERS\MAX\DOCUMENTS\GITHUB\TTRACK\BUILD\DEBUG\TRAIN.OBJ
C:\USERS\MAX\DOCUMENTS\GITHUB\TTRACK\BUILD\DEBUG\TTRACK.OBJ
C:\Users\max\Documents\GitHub\ttrack\build\Debug\ttrack.vcxprojResolveAssemblyReference.cache
C:\Users\max\Documents\GitHub\ttrack\build\Debug\ttrack.write.1.tlog
C:\Users\max\Documents\GitHub\ttrack\build\Debug\vc100.idb
C:\USERS\MAX\DOCUMENTS\GITHUB\TTRACK\BUILD\DEBUG\VC100.PDB
