C:\USERS\MAX\DOCUMENTS\GITHUB\TTRACK\BUILD\X64\DEBUG\BASECLASSIFIER.OBJ
C:\Users\max\Documents\GitHub\ttrack\build\x64\Debug\cl.command.1.tlog
C:\Users\max\Documents\GitHub\ttrack\build\x64\Debug\CL.read.1.tlog
C:\Users\max\Documents\GitHub\ttrack\build\x64\Debug\CL.write.1.tlog
C:\USERS\MAX\DOCUMENTS\GITHUB\TTRACK\BUILD\X64\DEBUG\DETECT.OBJ
C:\USERS\MAX\DOCUMENTS\GITHUB\TTRACK\BUILD\X64\DEBUG\HANDLER.OBJ
C:\USERS\MAX\DOCUMENTS\GITHUB\TTRACK\BUILD\X64\DEBUG\HELPERS.OBJ
C:\Users\max\Documents\GitHub\ttrack\build\x64\Debug\link.command.1.tlog
C:\Users\max\Documents\GitHub\ttrack\build\x64\Debug\link.read.1.tlog
C:\Users\max\Documents\GitHub\ttrack\build\x64\Debug\link.write.1.tlog
C:\USERS\MAX\DOCUMENTS\GITHUB\TTRACK\BUILD\X64\DEBUG\MAIN.OBJ
C:\Users\max\Documents\GitHub\ttrack\build\x64\Debug\mt.command.1.tlog
C:\Users\max\Documents\GitHub\ttrack\build\x64\Debug\mt.read.1.tlog
C:\Users\max\Documents\GitHub\ttrack\build\x64\Debug\mt.write.1.tlog
C:\USERS\MAX\DOCUMENTS\GITHUB\TTRACK\BUILD\X64\DEBUG\ND_IMAGE.OBJ
C:\USERS\MAX\DOCUMENTS\GITHUB\TTRACK\BUILD\X64\DEBUG\RANDOMFOREST.OBJ
C:\USERS\MAX\DOCUMENTS\GITHUB\TTRACK\BUILD\X64\DEBUG\SUPPORTVECTORMACHINE.OBJ
C:\USERS\MAX\DOCUMENTS\GITHUB\TTRACK\BUILD\X64\DEBUG\TRACKER.OBJ
C:\USERS\MAX\DOCUMENTS\GITHUB\TTRACK\BUILD\X64\DEBUG\TRAIN.OBJ
C:\USERS\MAX\DOCUMENTS\GITHUB\TTRACK\BUILD\X64\DEBUG\TTRACK.EXE
C:\USERS\MAX\DOCUMENTS\GITHUB\TTRACK\BUILD\X64\DEBUG\TTRACK.EXE.INTERMEDIATE.MANIFEST
C:\USERS\MAX\DOCUMENTS\GITHUB\TTRACK\BUILD\X64\DEBUG\TTRACK.ILK
C:\USERS\MAX\DOCUMENTS\GITHUB\TTRACK\BUILD\X64\DEBUG\TTRACK.OBJ
C:\USERS\MAX\DOCUMENTS\GITHUB\TTRACK\BUILD\X64\DEBUG\TTRACK.PDB
C:\Users\max\Documents\GitHub\ttrack\build\x64\Debug\ttrack.write.1.tlog
C:\Users\max\Documents\GitHub\ttrack\build\x64\Debug\vc100.idb
C:\USERS\MAX\DOCUMENTS\GITHUB\TTRACK\BUILD\X64\DEBUG\VC100.PDB
